<?xml version="1.0" encoding="UTF-8"?>
<robot generator="Robot 3.2.1 (Python 3.8.5 on win32)" generated="20200731 14:42:55.525" rpa="false">
<suite id="s1" name="Shopping" source="C:\Users\phisonkha\Desktop\Allianz traning\Test workshop\toy-are-not-us-workshop\tests\e2e\success\shopping.robot">
<test id="s1-t1" name="นายไทจิ ยามาโตะ ซื้อ Earth DVD Game 1 อัน จ่ายด้วย LinePay">
<kw name="ซื้อของในร้านค้า" library="keywords">
<arguments>
<arg>Earth DVD Game</arg>
<arg>Neutral</arg>
<arg>over 8</arg>
<arg>34.99</arg>
<arg>VideoVroom</arg>
<arg>In Stock</arg>
<arg>ไทจิ ยามาโตะ</arg>
<arg>ถนนเลียบชายกว๊าน</arg>
<arg>อำเภอเมืองพะเยา</arg>
<arg>พะเยา</arg>
<arg>พะเยา</arg>
<arg>56000</arg>
<arg>linepay</arg>
<arg>1</arg>
<arg>1102.19</arg>
</arguments>
<kw name="เปิดเว็ป" library="keywords">
<kw name="Open Browser" library="SeleniumLibrary">
<doc>Opens a new browser instance to the optional ``url``.</doc>
<arguments>
<arg>${URL}</arg>
<arg>chrome</arg>
</arguments>
<msg timestamp="20200731 14:42:56.312" level="INFO">Opening browser 'chrome' to base url 'http://localhost:4200/search'.</msg>
<status status="PASS" starttime="20200731 14:42:56.311" endtime="20200731 14:43:07.244"></status>
</kw>
<status status="PASS" starttime="20200731 14:42:56.310" endtime="20200731 14:43:07.245"></status>
</kw>
<kw name="Search สินค้าที่ต้องการ" library="keywords">
<arguments>
<arg>${PRODUCT_AGE}</arg>
<arg>${PRODUCT_GENDER}</arg>
</arguments>
<kw name="Mouse Over" library="SeleniumLibrary">
<doc>Simulates hovering the mouse over the element ``locator``.</doc>
<arguments>
<arg>//*[@id="age"]</arg>
</arguments>
<msg timestamp="20200731 14:43:07.247" level="INFO">Simulating Mouse Over on element '//*[@id="age"]'.</msg>
<status status="PASS" starttime="20200731 14:43:07.247" endtime="20200731 14:43:07.662"></status>
</kw>
<kw name="Click Element" library="SeleniumLibrary">
<doc>Click the element identified by ``locator``.</doc>
<arguments>
<arg>//*[@id="over8"]</arg>
</arguments>
<msg timestamp="20200731 14:43:07.664" level="INFO">Clicking element '//*[@id="over8"]'.</msg>
<status status="PASS" starttime="20200731 14:43:07.662" endtime="20200731 14:43:07.879"></status>
</kw>
<kw name="Mouse Over" library="SeleniumLibrary">
<doc>Simulates hovering the mouse over the element ``locator``.</doc>
<arguments>
<arg>//*[@id="gender"]</arg>
</arguments>
<msg timestamp="20200731 14:43:07.880" level="INFO">Simulating Mouse Over on element '//*[@id="gender"]'.</msg>
<status status="PASS" starttime="20200731 14:43:07.880" endtime="20200731 14:43:08.333"></status>
</kw>
<kw name="Click Element" library="SeleniumLibrary">
<doc>Click the element identified by ``locator``.</doc>
<arguments>
<arg>//*[@id="neutral"]</arg>
</arguments>
<msg timestamp="20200731 14:43:08.334" level="INFO">Clicking element '//*[@id="neutral"]'.</msg>
<status status="PASS" starttime="20200731 14:43:08.333" endtime="20200731 14:43:08.517"></status>
</kw>
<kw name="Mouse Over" library="SeleniumLibrary">
<doc>Simulates hovering the mouse over the element ``locator``.</doc>
<arguments>
<arg>//*[@id="product_11"]</arg>
</arguments>
<msg timestamp="20200731 14:43:08.518" level="INFO">Simulating Mouse Over on element '//*[@id="product_11"]'.</msg>
<kw name="Capture Page Screenshot" library="SeleniumLibrary">
<doc>Takes a screenshot of the current page and embeds it into a log file.</doc>
<msg timestamp="20200731 14:43:09.170" level="INFO" html="yes">&lt;/td&gt;&lt;/tr&gt;&lt;tr&gt;&lt;td colspan="3"&gt;&lt;a href="selenium-screenshot-29.png"&gt;&lt;img src="selenium-screenshot-29.png" width="800px"&gt;&lt;/a&gt;</msg>
<status status="PASS" starttime="20200731 14:43:08.618" endtime="20200731 14:43:09.170"></status>
</kw>
<msg timestamp="20200731 14:43:09.183" level="FAIL">Element with locator '//*[@id="product_11"]' not found.</msg>
<status status="FAIL" starttime="20200731 14:43:08.517" endtime="20200731 14:43:09.183"></status>
</kw>
<status status="FAIL" starttime="20200731 14:43:07.245" endtime="20200731 14:43:09.184"></status>
</kw>
<status status="FAIL" starttime="20200731 14:42:56.308" endtime="20200731 14:43:09.184"></status>
</kw>
<kw name="ปิดเว็ป" library="keywords" type="teardown">
<kw name="Close Browser" library="SeleniumLibrary">
<doc>Closes the current browser.</doc>
<status status="PASS" starttime="20200731 14:43:09.186" endtime="20200731 14:43:11.943"></status>
</kw>
<status status="PASS" starttime="20200731 14:43:09.185" endtime="20200731 14:43:11.943"></status>
</kw>
<status status="FAIL" starttime="20200731 14:42:56.304" endtime="20200731 14:43:11.944" critical="yes">Element with locator '//*[@id="product_11"]' not found.</status>
</test>
<status status="FAIL" starttime="20200731 14:42:55.538" endtime="20200731 14:43:11.947"></status>
</suite>
<statistics>
<total>
<stat pass="0" fail="1">Critical Tests</stat>
<stat pass="0" fail="1">All Tests</stat>
</total>
<tag>
</tag>
<suite>
<stat pass="0" fail="1" id="s1" name="Shopping">Shopping</stat>
</suite>
</statistics>
<errors>
</errors>
</robot>
